autoscan: warning: missing AC_CHECK_FUNCS([bzero]) wanted by: 
	src/chunk_phase.c:15
	src/cbr_rewrite.c:35
	src/trace_phase.c:44
autoscan: warning: missing AC_CHECK_FUNCS([dup2]) wanted by: 
	src/xdelta/xdelta3-main.h:2319
	src/xdelta/xdelta3-main.h:2320
	src/xdelta/xdelta3-main.h:2576
	src/xdelta/xdelta3-main.h:2577
autoscan: warning: missing AC_CHECK_FUNCS([floor]) wanted by: 
	src/xdelta/xdelta3_wrap.c:2625
autoscan: warning: missing AC_CHECK_FUNCS([gettimeofday]) wanted by: 
	src/delta_phase.c:326
	src/delta_phase.c:341
	src/xdelta/xdelta3-main.h:554
	src/index/simi_detection.c:133
	src/index/simi_detection.c:148
autoscan: warning: missing AC_CHECK_FUNCS([memmove]) wanted by: 
	src/chunk_phase.c:47
	src/index/kvstore_htable.c:50
	src/index/kvstore_htable.c:180
	src/index/sampling_method.c:119
	src/utils/sds.c:364
	src/utils/sds.c:411
autoscan: warning: missing AC_CHECK_FUNCS([memset]) wanted by: 
	src/destor.c:367
	src/destor.c:382
	src/xdelta/xdelta3-merge.h:266
	src/xdelta/xdelta3-fgk.h:205
	src/xdelta/xdelta3_wrap.c:670
	src/xdelta/xdelta3-python.h:46
	src/xdelta/xdelta3-djw.h:568
	src/xdelta/xdelta3-djw.h:615
	src/xdelta/xdelta3-djw.h:1053
	src/xdelta/xdelta3-djw.h:1054
	src/xdelta/xdelta3-djw.h:1070
	src/xdelta/xdelta3-djw.h:1131
	src/xdelta/xdelta3-djw.h:1363
	src/xdelta/xdelta3.h:1242
	src/xdelta/xdelta3-main.h:534
	src/xdelta/xdelta3-main.h:761
	src/xdelta/xdelta3-main.h:2834
	src/xdelta/xdelta3-main.h:3004
	src/xdelta/xdelta3-main.h:3005
	src/xdelta/xdelta3-main.h:3006
	src/xdelta/xdelta3-test.h:660
	src/xdelta/xdelta3-test.h:661
	src/xdelta/xdelta3-test.h:703
	src/xdelta/xdelta3-test.h:704
	src/xdelta/xdelta3-test.h:1348
	src/xdelta/xdelta3-test.h:1495
	src/xdelta/xdelta3-test.h:1496
	src/xdelta/xdelta3-test.h:1643
	src/xdelta/xdelta3-test.h:2372
	src/xdelta/xdelta3-test.h:2440
	src/xdelta/xdelta3-test.h:2745
	src/xdelta/xdelta3.c:1896
	src/xdelta/xdelta3.c:1902
	src/xdelta/xdelta3.c:2106
	src/xdelta/xdelta3.c:2270
	src/xdelta/xdelta3.c:2323
	src/xdelta/xdelta3.c:2327
	src/xdelta/xdelta3.c:4066
	src/xdelta/xdelta3.c:4067
	src/xdelta/xdelta3.c:4093
	src/xdelta/xdelta3.c:4222
	src/xdelta/xdelta3-decode.h:357
	src/xdelta/xdelta3-blkcache.h:145
	src/xdelta/examples/encode_decode_test.c:34
	src/xdelta/examples/encode_decode_test.c:35
	src/xdelta/examples/small_page_test.c:65
	src/xdelta/examples/checksum_test.cc:467
	src/xdelta/testing/delta.h:8
	src/xdelta/testing/delta.h:9
	src/xdelta/testing/regtest.cc:39
	src/xdelta/testing/regtest.cc:40
	src/xdelta/testing/regtest.cc:42
	src/xdelta/testing/regtest.cc:43
	src/index/sampling_method.c:74
	src/index/sampling_method.c:107
	src/index/sampling_method.c:166
	src/index/sampling_method.c:203
	src/index/sampling_method.c:234
	src/index/spooky-c.c:495
	src/index/spooky-c.c:561
	src/index/simi_detection.c:83
	src/index/simi_detection.c:84
	src/utils/rabin_chunking.c:249
	src/utils/rabin_chunking.c:254
	src/utils/rabin_chunking.c:255
	src/utils/rabin_chunking.c:277
	src/utils/rabin_chunking.c:324
	src/utils/rabin_chunking.c:325
	src/utils/sds.c:224
autoscan: warning: missing AC_CHECK_FUNCS([mkdir]) wanted by: 
	src/do_restore.c:141
	src/do_restore.c:171
autoscan: warning: missing AC_CHECK_FUNCS([strcasecmp]) wanted by: 
	src/config.c:11
	src/config.c:13
	src/config.c:46
	src/config.c:49
	src/config.c:50
	src/config.c:52
	src/config.c:54
	src/config.c:56
	src/config.c:62
	src/config.c:63
	src/config.c:65
	src/config.c:67
	src/config.c:69
	src/config.c:75
	src/config.c:76
	src/config.c:78
	src/config.c:80
	src/config.c:86
	src/config.c:93
	src/config.c:95
	src/config.c:97
	src/config.c:98
	src/config.c:100
	src/config.c:107
	src/config.c:109
	src/config.c:117
	src/config.c:121
	src/config.c:125
	src/config.c:129
	src/config.c:133
	src/config.c:137
	src/config.c:147
	src/config.c:150
	src/config.c:152
	src/config.c:158
	src/config.c:161
	src/config.c:164
	src/config.c:167
	src/config.c:169
	src/config.c:171
	src/config.c:173
	src/config.c:175
	src/config.c:187
	src/config.c:189
	src/config.c:191
	src/config.c:193
	src/config.c:204
	src/config.c:208
	src/config.c:211
	src/config.c:213
	src/config.c:217
	src/config.c:223
	src/config.c:225
	src/config.c:226
	src/config.c:228
	src/config.c:229
	src/config.c:232
	src/config.c:233
	src/config.c:235
	src/config.c:236
	src/config.c:250
	src/config.c:253
	src/config.c:256
	src/config.c:259
	src/config.c:261
	src/config.c:264
	src/config.c:267
	src/config.c:270
	src/config.c:273
	src/config.c:276
	src/config.c:280
	src/config.c:283
	src/config.c:284
	src/config.c:286
	src/config.c:287
	src/config.c:289
	src/config.c:290
	src/config.c:298
	src/config.c:301
autoscan: warning: missing AC_CHECK_FUNCS([strchr]) wanted by: 
	src/do_restore.c:134
	src/do_restore.c:164
	src/xdelta/xdelta3-main.h:2836
	src/xdelta/xdelta3-main.h:3648
	src/utils/sds.c:361
	src/utils/sds.c:362
autoscan: warning: missing AC_CHECK_FUNCS([strerror]) wanted by: 
	src/xdelta/xdelta3-main.h:526
	src/xdelta/xdelta3-test.h:449
	src/xdelta/xdelta3-test.h:456
	src/zdelta/zutil.h:178
autoscan: warning: missing AC_CHECK_FUNCS([strrchr]) wanted by: 
	src/xdelta/xdelta3-main.h:2696
	src/xdelta/xdelta3-main.h:2779
autoscan: warning: missing AC_CHECK_FUNCS([strstr]) wanted by: 
	src/xdelta/xdelta3_wrap.c:2041
	src/xdelta/xdelta3_wrap.c:3540
autoscan: warning: missing AC_CHECK_FUNCS([strtol]) wanted by: 
	src/xdelta/xdelta3-main.h:664
	src/xdelta/xdelta3-main.h:3071
autoscan: warning: missing AC_CHECK_HEADERS([float.h]) wanted by: 
	src/xdelta/xdelta3_wrap.c:2615
autoscan: warning: missing AC_CHECK_HEADERS([limits.h]) wanted by: 
	src/xdelta/xdelta3_wrap.c:2559
	src/zdelta/deflate.c:84
autoscan: warning: missing AC_CHECK_HEADERS([malloc.h]) wanted by: 
	src/zdelta/tailor.h:122
	src/zdelta/tailor.h:140
	src/zdelta/zutil.h:111
autoscan: warning: missing AC_CHECK_HEADERS([stddef.h]) wanted by: 
	src/xdelta/xdelta3.h:28
	src/zdelta/zd_mem.h:10
	src/zdelta/zutil.h:32
	src/index/spooky-c.h:30
autoscan: warning: missing AC_CHECK_TYPES([ptrdiff_t]) wanted by: 
	src/xdelta/xdelta3-list.h:27
autoscan: warning: missing AC_FUNC_FORK wanted by: 
	src/xdelta/xdelta3-main.h:2304
	src/xdelta/xdelta3-main.h:2340
	src/xdelta/xdelta3-main.h:2561
autoscan: warning: missing AC_FUNC_REALLOC wanted by: 
	src/zdelta/zd_mem.c:32
	src/utils/sds.c:141
	src/utils/sds.c:158
	src/utils/sds.c:489
	src/utils/sds.c:717
autoscan: warning: missing AC_HEADER_STDBOOL wanted by: 
	src/xdelta/xdelta3_wrap.c:876
	src/xdelta/xdelta3_wrap.c:884
	src/xdelta/examples/checksum_test.cc:266
	src/xdelta/testing/delta.h:17
	src/xdelta/testing/sizes.h:19
	src/xdelta/testing/file.h:250
	src/xdelta/testing/file.h:323
	src/xdelta/testing/regtest.cc:74
	src/xdelta/testing/regtest.cc:75
	src/xdelta/testing/regtest.cc:76
	src/xdelta/xdelta3_wrap.c:879
	src/xdelta/xdelta3_wrap.c:887
	src/xdelta/testing/delta.h:17
	src/xdelta/testing/regtest.cc:75
	src/xdelta/testing/regtest.cc:76
	src/xdelta/testing/regtest.cc:129
	src/xdelta/testing/regtest.cc:168
	src/xdelta/testing/regtest.cc:180
	src/xdelta/testing/test.h:27
	src/xdelta/testing/test.h:33
	src/xdelta/xdelta3_wrap.c:880
	src/xdelta/xdelta3_wrap.c:888
	src/xdelta/testing/delta.h:23
	src/xdelta/testing/file.h:342
	src/xdelta/testing/regtest.cc:74
	src/xdelta/testing/regtest.cc:159
	src/xdelta/testing/regtest.cc:163
	src/xdelta/testing/regtest.cc:178
	src/xdelta/testing/regtest.cc:187
autoscan: warning: missing AC_PROG_CXX wanted by: 
	src/xdelta/examples/checksum_test.cc
	src/xdelta/testing/regtest.cc
autoscan: warning: missing AC_PROG_LN_S wanted by: 
	src/zdelta/Makefile:89
	src/zdelta/Makefile:115
	src/zdelta/Makefile:116
autoscan: warning: missing AC_TYPE_INT16_T wanted by: 
	src/utils/serial.c:18
	src/utils/serial.c:20
	src/utils/serial.c:105
	src/utils/serial.c:107
	src/utils/serial.h:5
	src/utils/serial.h:15
autoscan: warning: missing AC_TYPE_PID_T wanted by: 
	src/xdelta/xdelta3-main.h:2104
	src/xdelta/xdelta3-main.h:2125
	src/xdelta/xdelta3-main.h:2292
	src/xdelta/xdelta3-main.h:2547
autoscan: warning: missing AC_TYPE_SSIZE_T wanted by: 
	src/xdelta/xdelta3-fgk.h:192
	src/xdelta/xdelta3.h:120
	src/xdelta/xdelta3.c:5054
	src/xdelta/xdelta3.c:5055
	src/xdelta/xdelta3.c:5085
autoscan: warning: missing AC_TYPE_UINT16_T wanted by: 
	src/delta_phase.c:38
	src/xdelta/xdelta3.h:122
	src/xdelta/xdelta3-hash.h:49
	src/index/simi_detection.h:8
	src/index/simi_detection.c:35
	src/utils/serial.c:28
	src/utils/serial.c:30
	src/utils/serial.c:116
	src/utils/serial.c:118
	src/utils/serial.h:6
	src/utils/serial.h:16
